<?xml version="1.0" encoding="UTF-8"?>
<!-- Generated by org.testng.reporters.JUnitReportReporter -->
<testsuite hostname="SS-LPT-HP-L5YN" failures="0" tests="2" name="api.test.UserTests" time="7.342" errors="0" timestamp="2023-11-07T01:35:11 PKT" skipped="0">
  <testcase classname="api.test.UserTests" name="testPostUser" time="6.062"/>
  <testcase classname="api.test.UserTests" name="testGetUserByName" time="1.280"/>
</testsuite> <!-- api.test.UserTests -->
